<?xml version="1.0" encoding="UTF-8"?>
<testsuite xmlns:xsi="http://www.w3.org/2001/XMLSchema-instance" xsi:noNamespaceSchemaLocation="https://maven.apache.org/surefire/maven-surefire-plugin/xsd/surefire-test-report.xsd" version="3.0.2" name="com.safepath.integration.RouteRiskIntegrationTest" time="11.524" tests="2" errors="0" skipped="0" failures="0">
  <properties>
[...]
</properties>
  <testcase name="analyzeRouteRisk_withValidPolyline" classname="com.safepath.integration.RouteRiskIntegrationTest" time="1.249">
    <system-out><![CDATA[15:27:29.662 [main] INFO org.springframework.test.context.support.AnnotationConfigContextLoaderUtils -- Could not detect default configuration classes for test class [com.safepath.integration.RouteRiskIntegrationTest]: RouteRiskIntegrationTest does not declare any static, non-private, non-final, nested classes annotated with @Configuration.
15:27:29.874 [main] INFO org.springframework.boot.test.context.SpringBootTestContextBootstrapper -- Found @SpringBootConfiguration com.safepath.SafePathApplication for test class com.safepath.integration.RouteRiskIntegrationTest

  .   ____          _            __ _ _
 /\\ / ___'_ __ _ _(_)_ __  __ _ \ \ \ \
( ( )\___ | '_ | '_| | '_ \/ _` | \ \ \ \
 \\/  ___)| |_)| | | | | || (_| |  ) ) ) )
  '  |____| .__|_| |_|_| |_\__, | / / / /
 =========|_|==============|___/=/_/_/_/

 :: Spring Boot ::                (v3.5.7)

2025-11-28T15:27:30.686-08:00  INFO 11932 --- [SafePath (H2)] [           main] c.s.i.RouteRiskIntegrationTest           : Starting RouteRiskIntegrationTest using Java 24.0.1 with PID 11932 (started by mm in /Users/mm/Desktop/SafePath)
2025-11-28T15:27:30.693-08:00  INFO 11932 --- [SafePath (H2)] [           main] c.s.i.RouteRiskIntegrationTest           : The following 1 profile is active: "h2"
2025-11-28T15:27:32.238-08:00  INFO 11932 --- [SafePath (H2)] [           main] .s.d.r.c.RepositoryConfigurationDelegate : Bootstrapping Spring Data JPA repositories in DEFAULT mode.
2025-11-28T15:27:32.405-08:00  INFO 11932 --- [SafePath (H2)] [           main] .s.d.r.c.RepositoryConfigurationDelegate : Finished Spring Data repository scanning in 149 ms. Found 11 JPA repository interfaces.
2025-11-28T15:27:33.349-08:00  INFO 11932 --- [SafePath (H2)] [           main] o.s.b.w.embedded.tomcat.TomcatWebServer  : Tomcat initialized with port 0 (http)
2025-11-28T15:27:33.367-08:00  INFO 11932 --- [SafePath (H2)] [           main] o.apache.catalina.core.StandardService   : Starting service [Tomcat]
2025-11-28T15:27:33.369-08:00  INFO 11932 --- [SafePath (H2)] [           main] o.apache.catalina.core.StandardEngine    : Starting Servlet engine: [Apache Tomcat/10.1.48]
2025-11-28T15:27:33.433-08:00  INFO 11932 --- [SafePath (H2)] [           main] o.a.c.c.C.[Tomcat].[localhost].[/]       : Initializing Spring embedded WebApplicationContext
2025-11-28T15:27:33.434-08:00  INFO 11932 --- [SafePath (H2)] [           main] w.s.c.ServletWebServerApplicationContext : Root WebApplicationContext: initialization completed in 2719 ms
2025-11-28T15:27:34.269-08:00  INFO 11932 --- [SafePath (H2)] [           main] o.hibernate.jpa.internal.util.LogHelper  : HHH000204: Processing PersistenceUnitInfo [name: default]
2025-11-28T15:27:34.323-08:00  INFO 11932 --- [SafePath (H2)] [           main] org.hibernate.Version                    : HHH000412: Hibernate ORM core version 6.6.33.Final
2025-11-28T15:27:34.352-08:00  INFO 11932 --- [SafePath (H2)] [           main] o.h.c.internal.RegionFactoryInitiator    : HHH000026: Second-level cache disabled
2025-11-28T15:27:34.678-08:00  INFO 11932 --- [SafePath (H2)] [           main] o.s.o.j.p.SpringPersistenceUnitInfo      : No LoadTimeWeaver setup: ignoring JPA class transformer
2025-11-28T15:27:34.710-08:00  INFO 11932 --- [SafePath (H2)] [           main] com.zaxxer.hikari.HikariDataSource       : HikariPool-1 - Starting...
2025-11-28T15:27:34.926-08:00  INFO 11932 --- [SafePath (H2)] [           main] com.zaxxer.hikari.pool.HikariPool        : HikariPool-1 - Added connection conn0: url=jdbc:h2:mem:testdb user=SA
2025-11-28T15:27:34.929-08:00  INFO 11932 --- [SafePath (H2)] [           main] com.zaxxer.hikari.HikariDataSource       : HikariPool-1 - Start completed.
2025-11-28T15:27:34.960-08:00  WARN 11932 --- [SafePath (H2)] [           main] org.hibernate.orm.deprecation            : HHH90000025: H2Dialect does not need to be specified explicitly using 'hibernate.dialect' (remove the property setting and it will be selected by default)
2025-11-28T15:27:34.997-08:00  INFO 11932 --- [SafePath (H2)] [           main] org.hibernate.orm.connections.pooling    : HHH10001005: Database info:
	Database JDBC URL [Connecting through datasource 'HikariDataSource (HikariPool-1)']
	Database driver: undefined/unknown
	Database version: 2.3.232
	Autocommit mode: undefined/unknown
	Isolation level: undefined/unknown
	Minimum pool size: undefined/unknown
	Maximum pool size: undefined/unknown
2025-11-28T15:27:36.544-08:00  INFO 11932 --- [SafePath (H2)] [           main] o.h.e.t.j.p.i.JtaPlatformInitiator       : HHH000489: No JTA platform available (set 'hibernate.transaction.jta.platform' to enable JTA platform integration)
Hibernate: 
    drop table if exists crime_reports cascade 
Hibernate: 
    drop table if exists etl_runs cascade 
Hibernate: 
    drop table if exists intersections cascade 
Hibernate: 
    drop table if exists offense_types cascade 
Hibernate: 
    drop table if exists realtime_incidents cascade 
Hibernate: 
    drop table if exists report_offenses cascade 
Hibernate: 
    drop table if exists sources cascade 
Hibernate: 
    drop table if exists street_segment_risk cascade 
Hibernate: 
    drop table if exists street_segments cascade 
Hibernate: 
    drop table if exists user_alerts cascade 
Hibernate: 
    drop table if exists users cascade 
Hibernate: 
    create table crime_reports (
        blurred_latitude float(53),
        blurred_longitude float(53),
        etl_id integer,
        report_datetime timestamp(6),
        beat varchar(10),
        sector varchar(10),
        report_number varchar(50) not null,
        mcpp_neighborhood varchar(100),
        precinct varchar(100),
        blurred_address varchar(255),
        primary key (report_number)
    )
Hibernate: 
    create table etl_runs (
        etl_id integer generated by default as identity,
        record_count integer,
        source_id integer not null,
        created_at timestamp(6),
        run_time timestamp(6) not null,
        primary key (etl_id)
    )
Hibernate: 
    create table intersections (
        gis_x float(53),
        gis_y float(53),
        direction varchar(10),
        intkey varchar(50) not null,
        name varchar(100),
        primary key (intkey)
    )
Hibernate: 
    create table offense_types (
        group_a_b varchar(1),
        offense_code varchar(10) not null,
        crime_against_category varchar(50),
        offense_name varchar(100) not null,
        offense_parent_group varchar(100),
        primary key (offense_code)
    )
Hibernate: 
    create table realtime_incidents (
        latitude float(53),
        longitude float(53),
        source_id integer,
        event_datetime timestamp(6),
        incident_id varchar(50) not null,
        incident_type varchar(100),
        address varchar(255),
        report_location varchar(255),
        primary key (incident_id)
    )
Hibernate: 
    create table report_offenses (
        etl_id integer,
        offense_date timestamp(6) not null,
        offense_end_time timestamp(6),
        offense_id bigint generated by default as identity,
        offense_start_time timestamp(6),
        offense_code varchar(10) not null,
        report_number varchar(50) not null,
        primary key (offense_id)
    )
Hibernate: 
    create table sources (
        refresh_interval integer,
        source_id integer generated by default as identity,
        created_at timestamp(6),
        source_name varchar(255) not null,
        url varchar(255),
        primary key (source_id)
    )
Hibernate: 
    create table street_segment_risk (
        cluster_id integer not null,
        incident_density float(53),
        last_90d_incidents integer,
        night_fraction float(53),
        risk_score float(53) not null,
        updated_at timestamp(6) not null,
        risk_label varchar(10) not null,
        model_version varchar(20),
        unitid varchar(50) not null,
        override_reason varchar(255),
        primary key (unitid)
    )
Hibernate: 
    create table street_segments (
        artclass integer,
        gis_mid_x float(53),
        gis_mid_y float(53),
        oneway varchar(1),
        seglength integer,
        slope_pct float(53),
        speedlimit integer,
        surfacewidth integer,
        end_intkey varchar(50),
        flow varchar(50),
        start_intkey varchar(50),
        status varchar(50),
        unitid varchar(50) not null,
        owner varchar(100),
        onstreet varchar(255),
        primary key (unitid)
    )
Hibernate: 
    create table user_alerts (
        active_flag boolean,
        alert_id integer generated by default as identity,
        center_lat float(53),
        center_lon float(53),
        radius_m integer,
        user_id integer not null,
        created_at timestamp(6),
        updated_at timestamp(6),
        crime_type_filter varchar(100),
        primary key (alert_id)
    )
Hibernate: 
    create table users (
        user_id integer generated by default as identity,
        created_at timestamp(6),
        email varchar(255) not null unique,
        password_hash varchar(255) not null,
        primary key (user_id)
    )
Hibernate: 
    alter table if exists crime_reports 
       add constraint FKd7p6xjrjkv87clw3o2m5yo0jl 
       foreign key (etl_id) 
       references etl_runs
Hibernate: 
    alter table if exists etl_runs 
       add constraint FKag2998rcu69jiad8b01ummmq 
       foreign key (source_id) 
       references sources
Hibernate: 
    alter table if exists realtime_incidents 
       add constraint FKf7ttkkh6fllwwwoy1tno0v1st 
       foreign key (source_id) 
       references sources
Hibernate: 
    alter table if exists report_offenses 
       add constraint FK1io3td5tpsayvwf1cn1apskvv 
       foreign key (report_number) 
       references crime_reports
Hibernate: 
    alter table if exists report_offenses 
       add constraint FKcqxha6fiiphlo3o7831r2l72s 
       foreign key (etl_id) 
       references etl_runs
Hibernate: 
    alter table if exists report_offenses 
       add constraint FKlv9jb91e3xt2tt8i7y1otq7sd 
       foreign key (offense_code) 
       references offense_types
Hibernate: 
    alter table if exists street_segment_risk 
       add constraint FKhyjmc7m56sgnosd3k0sowdqvf 
       foreign key (unitid) 
       references street_segments
Hibernate: 
    alter table if exists street_segments 
       add constraint FK1t1r03jj11qqw8fvbtr9iyucg 
       foreign key (end_intkey) 
       references intersections
Hibernate: 
    alter table if exists street_segments 
       add constraint FK6sf5mvxfgn3vhwp1worlchc2f 
       foreign key (start_intkey) 
       references intersections
Hibernate: 
    alter table if exists user_alerts 
       add constraint FKaec2u72jdu2vubrvxa3qdywcf 
       foreign key (user_id) 
       references users
2025-11-28T15:27:36.670-08:00  INFO 11932 --- [SafePath (H2)] [           main] j.LocalContainerEntityManagerFactoryBean : Initialized JPA EntityManagerFactory for persistence unit 'default'
Hibernate: 
    insert 
    into
        users
        (created_at, email, password_hash, user_id) 
    values
        (?, ?, ?, default)
Hibernate: 
    select
        cr1_0.report_number,
        cr1_0.beat,
        cr1_0.blurred_address,
        cr1_0.blurred_latitude,
        cr1_0.blurred_longitude,
        cr1_0.etl_id,
        cr1_0.mcpp_neighborhood,
        cr1_0.precinct,
        cr1_0.report_datetime,
        cr1_0.sector 
    from
        crime_reports cr1_0 
    where
        cr1_0.report_number=?
Hibernate: 
    insert 
    into
        crime_reports
        (beat, blurred_address, blurred_latitude, blurred_longitude, etl_id, mcpp_neighborhood, precinct, report_datetime, sector, report_number) 
    values
        (?, ?, ?, ?, ?, ?, ?, ?, ?, ?)
Hibernate: 
    insert 
    into
        user_alerts
        (active_flag, center_lat, center_lon, created_at, crime_type_filter, radius_m, updated_at, user_id, alert_id) 
    values
        (?, ?, ?, ?, ?, ?, ?, ?, default)
2025-11-28T15:27:37.495-08:00  INFO 11932 --- [SafePath (H2)] [           main] o.s.d.j.r.query.QueryEnhancerFactory     : Hibernate is in classpath; If applicable, HQL parser will be used.
2025-11-28T15:27:38.356-08:00  WARN 11932 --- [SafePath (H2)] [           main] JpaBaseConfiguration$JpaWebConfiguration : spring.jpa.open-in-view is enabled by default. Therefore, database queries may be performed during view rendering. Explicitly configure spring.jpa.open-in-view to disable this warning
2025-11-28T15:27:38.893-08:00  INFO 11932 --- [SafePath (H2)] [           main] o.s.b.a.h2.H2ConsoleAutoConfiguration    : H2 console available at '/h2-console'. Database available at 'jdbc:h2:mem:testdb'
2025-11-28T15:27:39.545-08:00  INFO 11932 --- [SafePath (H2)] [           main] o.s.b.w.embedded.tomcat.TomcatWebServer  : Tomcat started on port 54945 (http) with context path '/'
2025-11-28T15:27:39.601-08:00  INFO 11932 --- [SafePath (H2)] [           main] c.s.i.RouteRiskIntegrationTest           : Started RouteRiskIntegrationTest in 9.485 seconds (process running for 11.188)
2025-11-28T15:27:40.681-08:00  INFO 11932 --- [SafePath (H2)] [o-auto-1-exec-1] o.a.c.c.C.[Tomcat].[localhost].[/]       : Initializing Spring DispatcherServlet 'dispatcherServlet'
2025-11-28T15:27:40.681-08:00  INFO 11932 --- [SafePath (H2)] [o-auto-1-exec-1] o.s.web.servlet.DispatcherServlet        : Initializing Servlet 'dispatcherServlet'
2025-11-28T15:27:40.684-08:00  INFO 11932 --- [SafePath (H2)] [o-auto-1-exec-1] o.s.web.servlet.DispatcherServlet        : Completed initialization in 2 ms
Hibernate: 
    SELECT
        r.* 
    FROM
        street_segment_risk r 
    JOIN
        street_segments s 
            ON r.unitid = s.unitid 
    WHERE
        s.gis_mid_x BETWEEN ? - 0.001 AND ? + 0.001 
        AND s.gis_mid_y BETWEEN ? - 0.001 AND ? + 0.001 
    ORDER BY
        (  6371000 * ACOS(    COS(RADIANS(?)) * COS(RADIANS(s.gis_mid_y)) *     COS(RADIANS(s.gis_mid_x) - RADIANS(?)) +     SIN(RADIANS(?)) * SIN(RADIANS(s.gis_mid_y))  )) 
    LIMIT
        1
Hibernate: 
    SELECT
        r.* 
    FROM
        street_segment_risk r 
    JOIN
        street_segments s 
            ON r.unitid = s.unitid 
    WHERE
        s.gis_mid_x BETWEEN ? - 0.001 AND ? + 0.001 
        AND s.gis_mid_y BETWEEN ? - 0.001 AND ? + 0.001 
    ORDER BY
        (  6371000 * ACOS(    COS(RADIANS(?)) * COS(RADIANS(s.gis_mid_y)) *     COS(RADIANS(s.gis_mid_x) - RADIANS(?)) +     SIN(RADIANS(?)) * SIN(RADIANS(s.gis_mid_y))  )) 
    LIMIT
        1
Hibernate: 
    SELECT
        r.* 
    FROM
        street_segment_risk r 
    JOIN
        street_segments s 
            ON r.unitid = s.unitid 
    WHERE
        s.gis_mid_x BETWEEN ? - 0.001 AND ? + 0.001 
        AND s.gis_mid_y BETWEEN ? - 0.001 AND ? + 0.001 
    ORDER BY
        (  6371000 * ACOS(    COS(RADIANS(?)) * COS(RADIANS(s.gis_mid_y)) *     COS(RADIANS(s.gis_mid_x) - RADIANS(?)) +     SIN(RADIANS(?)) * SIN(RADIANS(s.gis_mid_y))  )) 
    LIMIT
        1
]]></system-out>
    <system-err><![CDATA[Mockito is currently self-attaching to enable the inline-mock-maker. This will no longer work in future releases of the JDK. Please add Mockito as an agent to your build as described in Mockito's documentation: https://javadoc.io/doc/org.mockito/mockito-core/latest/org.mockito/org/mockito/Mockito.html#0.3
WARNING: A Java agent has been loaded dynamically (/Users/mm/.m2/repository/net/bytebuddy/byte-buddy-agent/1.17.8/byte-buddy-agent-1.17.8.jar)
WARNING: If a serviceability tool is in use, please run with -XX:+EnableDynamicAgentLoading to hide this warning
WARNING: If a serviceability tool is not in use, please run with -Djdk.instrument.traceUsage for more information
WARNING: Dynamic loading of agents will be disallowed by default in a future release
]]></system-err>
  </testcase>
  <testcase name="analyzeRouteRisk_withEmptyRequest" classname="com.safepath.integration.RouteRiskIntegrationTest" time="0.022"/>
</testsuite>